<?xml version="1.0" encoding="UTF-8"?>
<!-- Generated by org.testng.reporters.JUnitReportReporter -->
<testsuite hostname="DESKTOP-KH9DFKB" failures="0" tests="1" name="Tests.Test1" time="16.529" errors="0" timestamp="2024-07-18T09:10:35 TRT" skipped="0">
  <testcase classname="Tests.Test1" name="testDemoQA" time="16.529"/>
</testsuite> <!-- Tests.Test1 -->
