<?xml version="1.0" encoding="UTF-8"?>
<!-- Generated by org.testng.reporters.JUnitReportReporter -->
<testsuite hostname="DESKTOP-KH9DFKB" failures="0" tests="1" name="Tests.Test1" time="22.818" errors="0" timestamp="2024-07-17T15:57:22 TRT" skipped="0">
  <testcase classname="Tests.Test1" name="testDemoQA" time="22.818"/>
</testsuite> <!-- Tests.Test1 -->
